Analysis & Synthesis report for MY32CPU
Thu Jul 04 17:51:08 2019
Quartus Prime Version 17.0.0 Build 595 04/25/2017 SJ Lite Edition


---------------------
; Table of Contents ;
---------------------
  1. Legal Notice
  2. Analysis & Synthesis Summary
  3. Analysis & Synthesis Settings
  4. Parallel Compilation
  5. Analysis & Synthesis Source Files Read
  6. Analysis & Synthesis Resource Usage Summary
  7. Analysis & Synthesis Resource Utilization by Entity
  8. General Register Statistics
  9. Port Connectivity Checks: "CPU_REG:PMEM"
 10. Post-Synthesis Netlist Statistics for Top Partition
 11. Elapsed Time Per Partition
 12. Analysis & Synthesis Messages



----------------
; Legal Notice ;
----------------
Copyright (C) 2017  Intel Corporation. All rights reserved.
Your use of Intel Corporation's design tools, logic functions 
and other software and tools, and its AMPP partner logic 
functions, and any output files from any of the foregoing 
(including device programming or simulation files), and any 
associated documentation or information are expressly subject 
to the terms and conditions of the Intel Program License 
Subscription Agreement, the Intel Quartus Prime License Agreement,
the Intel MegaCore Function License Agreement, or other 
applicable license agreement, including, without limitation, 
that your use is for the sole purpose of programming logic 
devices manufactured by Intel and sold by Intel or its 
authorized distributors.  Please refer to the applicable 
agreement for further details.



+----------------------------------------------------------------------------------+
; Analysis & Synthesis Summary                                                     ;
+------------------------------------+---------------------------------------------+
; Analysis & Synthesis Status        ; Successful - Thu Jul 04 17:51:08 2019       ;
; Quartus Prime Version              ; 17.0.0 Build 595 04/25/2017 SJ Lite Edition ;
; Revision Name                      ; MY32CPU                                     ;
; Top-level Entity Name              ; PC                                          ;
; Family                             ; MAX 10                                      ;
; Total logic elements               ; 9                                           ;
;     Total combinational functions  ; 9                                           ;
;     Dedicated logic registers      ; 5                                           ;
; Total registers                    ; 5                                           ;
; Total pins                         ; 34                                          ;
; Total virtual pins                 ; 0                                           ;
; Total memory bits                  ; 0                                           ;
; Embedded Multiplier 9-bit elements ; 0                                           ;
; Total PLLs                         ; 0                                           ;
; UFM blocks                         ; 0                                           ;
; ADC blocks                         ; 0                                           ;
+------------------------------------+---------------------------------------------+


+----------------------------------------------------------------------------------------------------------------------+
; Analysis & Synthesis Settings                                                                                        ;
+----------------------------------------------------------------------------+--------------------+--------------------+
; Option                                                                     ; Setting            ; Default Value      ;
+----------------------------------------------------------------------------+--------------------+--------------------+
; Device                                                                     ; 10M50DAF484C6GES   ;                    ;
; Top-level entity name                                                      ; PC                 ; MY32CPU            ;
; Family name                                                                ; MAX 10             ; Cyclone V          ;
; Use smart compilation                                                      ; Off                ; Off                ;
; Enable parallel Assembler and TimeQuest Timing Analyzer during compilation ; On                 ; On                 ;
; Enable compact report table                                                ; Off                ; Off                ;
; Restructure Multiplexers                                                   ; Auto               ; Auto               ;
; Create Debugging Nodes for IP Cores                                        ; Off                ; Off                ;
; Preserve fewer node names                                                  ; On                 ; On                 ;
; OpenCore Plus hardware evaluation                                          ; Enable             ; Enable             ;
; Verilog Version                                                            ; Verilog_2001       ; Verilog_2001       ;
; VHDL Version                                                               ; VHDL_1993          ; VHDL_1993          ;
; State Machine Processing                                                   ; Auto               ; Auto               ;
; Safe State Machine                                                         ; Off                ; Off                ;
; Extract Verilog State Machines                                             ; On                 ; On                 ;
; Extract VHDL State Machines                                                ; On                 ; On                 ;
; Ignore Verilog initial constructs                                          ; Off                ; Off                ;
; Iteration limit for constant Verilog loops                                 ; 5000               ; 5000               ;
; Iteration limit for non-constant Verilog loops                             ; 250                ; 250                ;
; Add Pass-Through Logic to Inferred RAMs                                    ; On                 ; On                 ;
; Infer RAMs from Raw Logic                                                  ; On                 ; On                 ;
; Parallel Synthesis                                                         ; On                 ; On                 ;
; DSP Block Balancing                                                        ; Auto               ; Auto               ;
; NOT Gate Push-Back                                                         ; On                 ; On                 ;
; Power-Up Don't Care                                                        ; On                 ; On                 ;
; Remove Redundant Logic Cells                                               ; Off                ; Off                ;
; Remove Duplicate Registers                                                 ; On                 ; On                 ;
; Ignore CARRY Buffers                                                       ; Off                ; Off                ;
; Ignore CASCADE Buffers                                                     ; Off                ; Off                ;
; Ignore GLOBAL Buffers                                                      ; Off                ; Off                ;
; Ignore ROW GLOBAL Buffers                                                  ; Off                ; Off                ;
; Ignore LCELL Buffers                                                       ; Off                ; Off                ;
; Ignore SOFT Buffers                                                        ; On                 ; On                 ;
; Limit AHDL Integers to 32 Bits                                             ; Off                ; Off                ;
; Optimization Technique                                                     ; Balanced           ; Balanced           ;
; Carry Chain Length                                                         ; 70                 ; 70                 ;
; Auto Carry Chains                                                          ; On                 ; On                 ;
; Auto Open-Drain Pins                                                       ; On                 ; On                 ;
; Perform WYSIWYG Primitive Resynthesis                                      ; Off                ; Off                ;
; Auto ROM Replacement                                                       ; On                 ; On                 ;
; Auto RAM Replacement                                                       ; On                 ; On                 ;
; Auto DSP Block Replacement                                                 ; On                 ; On                 ;
; Auto Shift Register Replacement                                            ; Auto               ; Auto               ;
; Allow Shift Register Merging across Hierarchies                            ; Auto               ; Auto               ;
; Auto Clock Enable Replacement                                              ; On                 ; On                 ;
; Strict RAM Replacement                                                     ; Off                ; Off                ;
; Allow Synchronous Control Signals                                          ; On                 ; On                 ;
; Force Use of Synchronous Clear Signals                                     ; Off                ; Off                ;
; Auto RAM Block Balancing                                                   ; On                 ; On                 ;
; Auto RAM to Logic Cell Conversion                                          ; Off                ; Off                ;
; Auto Resource Sharing                                                      ; Off                ; Off                ;
; Allow Any RAM Size For Recognition                                         ; Off                ; Off                ;
; Allow Any ROM Size For Recognition                                         ; Off                ; Off                ;
; Allow Any Shift Register Size For Recognition                              ; Off                ; Off                ;
; Use LogicLock Constraints during Resource Balancing                        ; On                 ; On                 ;
; Ignore translate_off and synthesis_off directives                          ; Off                ; Off                ;
; Timing-Driven Synthesis                                                    ; On                 ; On                 ;
; Report Parameter Settings                                                  ; On                 ; On                 ;
; Report Source Assignments                                                  ; On                 ; On                 ;
; Report Connectivity Checks                                                 ; On                 ; On                 ;
; Ignore Maximum Fan-Out Assignments                                         ; Off                ; Off                ;
; Synchronization Register Chain Length                                      ; 2                  ; 2                  ;
; PowerPlay Power Optimization During Synthesis                              ; Normal compilation ; Normal compilation ;
; HDL message level                                                          ; Level2             ; Level2             ;
; Suppress Register Optimization Related Messages                            ; Off                ; Off                ;
; Number of Removed Registers Reported in Synthesis Report                   ; 5000               ; 5000               ;
; Number of Swept Nodes Reported in Synthesis Report                         ; 5000               ; 5000               ;
; Number of Inverted Registers Reported in Synthesis Report                  ; 100                ; 100                ;
; Clock MUX Protection                                                       ; On                 ; On                 ;
; Auto Gated Clock Conversion                                                ; Off                ; Off                ;
; Block Design Naming                                                        ; Auto               ; Auto               ;
; SDC constraint protection                                                  ; Off                ; Off                ;
; Synthesis Effort                                                           ; Auto               ; Auto               ;
; Shift Register Replacement - Allow Asynchronous Clear Signal               ; On                 ; On                 ;
; Pre-Mapping Resynthesis Optimization                                       ; Off                ; Off                ;
; Analysis & Synthesis Message Level                                         ; Medium             ; Medium             ;
; Disable Register Merging Across Hierarchies                                ; Auto               ; Auto               ;
; Resource Aware Inference For Block RAM                                     ; On                 ; On                 ;
+----------------------------------------------------------------------------+--------------------+--------------------+


+------------------------------------------+
; Parallel Compilation                     ;
+----------------------------+-------------+
; Processors                 ; Number      ;
+----------------------------+-------------+
; Number detected on machine ; 12          ;
; Maximum allowed            ; 6           ;
;                            ;             ;
; Average used               ; 1.00        ;
; Maximum used               ; 6           ;
;                            ;             ;
; Usage by Processor         ; % Time Used ;
;     Processor 1            ; 100.0%      ;
;     Processors 2-6         ;   0.0%      ;
+----------------------------+-------------+


+------------------------------------------------------------------------------------------------------------------------------+
; Analysis & Synthesis Source Files Read                                                                                       ;
+----------------------------------+-----------------+------------------------+--------------------------------------+---------+
; File Name with User-Entered Path ; Used in Netlist ; File Type              ; File Name with Absolute Path         ; Library ;
+----------------------------------+-----------------+------------------------+--------------------------------------+---------+
; PC.v                             ; yes             ; User Verilog HDL File  ; C:/intelFPGA_lite/My_CPU/PC.v        ;         ;
; PROGRAM.bin                      ; yes             ; User Unspecified File  ; C:/intelFPGA_lite/My_CPU/PROGRAM.bin ;         ;
+----------------------------------+-----------------+------------------------+--------------------------------------+---------+


+---------------------------------------------------------+
; Analysis & Synthesis Resource Usage Summary             ;
+---------------------------------------------+-----------+
; Resource                                    ; Usage     ;
+---------------------------------------------+-----------+
; Estimated Total logic elements              ; 9         ;
;                                             ;           ;
; Total combinational functions               ; 9         ;
; Logic element usage by number of LUT inputs ;           ;
;     -- 4 input functions                    ; 3         ;
;     -- 3 input functions                    ; 0         ;
;     -- <=2 input functions                  ; 6         ;
;                                             ;           ;
; Logic elements by mode                      ;           ;
;     -- normal mode                          ; 5         ;
;     -- arithmetic mode                      ; 4         ;
;                                             ;           ;
; Total registers                             ; 5         ;
;     -- Dedicated logic registers            ; 5         ;
;     -- I/O registers                        ; 0         ;
;                                             ;           ;
; I/O pins                                    ; 34        ;
;                                             ;           ;
; Embedded Multiplier 9-bit elements          ; 0         ;
;                                             ;           ;
; Maximum fan-out node                        ; CLK~input ;
; Maximum fan-out                             ; 5         ;
; Total fan-out                               ; 75        ;
; Average fan-out                             ; 0.91      ;
+---------------------------------------------+-----------+


+--------------------------------------------------------------------------------------------------------------------------------------------------------------------------------------------------------------------------------------+
; Analysis & Synthesis Resource Utilization by Entity                                                                                                                                                                                  ;
+----------------------------+---------------------+---------------------------+-------------+------------+--------------+---------+-----------+------+--------------+------------+-----------------------+-------------+--------------+
; Compilation Hierarchy Node ; Combinational ALUTs ; Dedicated Logic Registers ; Memory Bits ; UFM Blocks ; DSP Elements ; DSP 9x9 ; DSP 18x18 ; Pins ; Virtual Pins ; ADC blocks ; Full Hierarchy Name   ; Entity Name ; Library Name ;
+----------------------------+---------------------+---------------------------+-------------+------------+--------------+---------+-----------+------+--------------+------------+-----------------------+-------------+--------------+
; |PC                        ; 9 (0)               ; 5 (0)                     ; 0           ; 0          ; 0            ; 0       ; 0         ; 34   ; 0            ; 0          ; |PC                   ; PC          ; work         ;
;    |COUNTER5b:COUNTER|     ; 5 (5)               ; 5 (5)                     ; 0           ; 0          ; 0            ; 0       ; 0         ; 0    ; 0            ; 0          ; |PC|COUNTER5b:COUNTER ; COUNTER5b   ; work         ;
;    |CPU_REG:PMEM|          ; 4 (4)               ; 0 (0)                     ; 0           ; 0          ; 0            ; 0       ; 0         ; 0    ; 0            ; 0          ; |PC|CPU_REG:PMEM      ; CPU_REG     ; work         ;
+----------------------------+---------------------+---------------------------+-------------+------------+--------------+---------+-----------+------+--------------+------------+-----------------------+-------------+--------------+
Note: For table entries with two numbers listed, the numbers in parentheses indicate the number of resources of the given type used by the specific entity alone. The numbers listed outside of parentheses indicate the total resources of the given type used by the specific entity and all of its sub-entities in the hierarchy.


+------------------------------------------------------+
; General Register Statistics                          ;
+----------------------------------------------+-------+
; Statistic                                    ; Value ;
+----------------------------------------------+-------+
; Total registers                              ; 5     ;
; Number of registers using Synchronous Clear  ; 5     ;
; Number of registers using Synchronous Load   ; 0     ;
; Number of registers using Asynchronous Clear ; 0     ;
; Number of registers using Asynchronous Load  ; 0     ;
; Number of registers using Clock Enable       ; 0     ;
; Number of registers using Preset             ; 0     ;
+----------------------------------------------+-------+


+-------------------------------------------+
; Port Connectivity Checks: "CPU_REG:PMEM"  ;
+---------+-------+----------+--------------+
; Port    ; Type  ; Severity ; Details      ;
+---------+-------+----------+--------------+
; data_in ; Input ; Info     ; Stuck at GND ;
; write   ; Input ; Info     ; Stuck at GND ;
+---------+-------+----------+--------------+


+-----------------------------------------------------+
; Post-Synthesis Netlist Statistics for Top Partition ;
+-----------------------+-----------------------------+
; Type                  ; Count                       ;
+-----------------------+-----------------------------+
; boundary_port         ; 34                          ;
; cycloneiii_ff         ; 5                           ;
;     SCLR              ; 5                           ;
; cycloneiii_lcell_comb ; 10                          ;
;     arith             ; 4                           ;
;         2 data inputs ; 4                           ;
;     normal            ; 6                           ;
;         0 data inputs ; 1                           ;
;         1 data inputs ; 1                           ;
;         2 data inputs ; 1                           ;
;         4 data inputs ; 3                           ;
;                       ;                             ;
; Max LUT depth         ; 2.00                        ;
; Average LUT depth     ; 1.27                        ;
+-----------------------+-----------------------------+


+-------------------------------+
; Elapsed Time Per Partition    ;
+----------------+--------------+
; Partition Name ; Elapsed Time ;
+----------------+--------------+
; Top            ; 00:00:00     ;
+----------------+--------------+


+-------------------------------+
; Analysis & Synthesis Messages ;
+-------------------------------+
Info: *******************************************************************
Info: Running Quartus Prime Analysis & Synthesis
    Info: Version 17.0.0 Build 595 04/25/2017 SJ Lite Edition
    Info: Processing started: Thu Jul 04 17:50:44 2019
Info: Command: quartus_map --read_settings_files=on --write_settings_files=off MY32CPU -c MY32CPU
Info (125069): Default assignment values were changed in the current version of the Quartus Prime software -- changes to default assignments values are contained in file c:/intelfpga_lite/17.0/quartus/bin64/assignment_defaults.qdf
Warning (18236): Number of processors has not been specified which may cause overloading on shared machines.  Set the global assignment NUM_PARALLEL_PROCESSORS in your QSF to an appropriate value for best performance.
Info (20030): Parallel compilation is enabled and will use 6 of the 6 processors detected
Info (12021): Found 3 design units, including 3 entities, in source file pc.v
    Info (12023): Found entity 1: PC File: C:/intelFPGA_lite/My_CPU/PC.v Line: 1
    Info (12023): Found entity 2: CPU_REG File: C:/intelFPGA_lite/My_CPU/PC.v Line: 29
    Info (12023): Found entity 3: COUNTER5b File: C:/intelFPGA_lite/My_CPU/PC.v Line: 47
Info (12021): Found 1 design units, including 1 entities, in source file pc_bench.v
    Info (12023): Found entity 1: PC_bench File: C:/intelFPGA_lite/My_CPU/PC_bench.v Line: 2
Info (12021): Found 1 design units, including 1 entities, in source file register.v
    Info (12023): Found entity 1: REGISTER File: C:/intelFPGA_lite/My_CPU/Register.v Line: 1
Info (12021): Found 1 design units, including 1 entities, in source file alu.v
    Info (12023): Found entity 1: ALU File: C:/intelFPGA_lite/My_CPU/ALU.v Line: 1
Info (12021): Found 1 design units, including 1 entities, in source file my32cpu_top.v
    Info (12023): Found entity 1: MY32CPU_top File: C:/intelFPGA_lite/My_CPU/MY32CPU_top.v Line: 1
Info (12021): Found 1 design units, including 1 entities, in source file top_bench.v
    Info (12023): Found entity 1: top_bench File: C:/intelFPGA_lite/My_CPU/top_bench.v Line: 2
Warning (10236): Verilog HDL Implicit Net warning at MY32CPU_top.v(35): created implicit net for "out" File: C:/intelFPGA_lite/My_CPU/MY32CPU_top.v Line: 35
Warning (10236): Verilog HDL Implicit Net warning at MY32CPU_top.v(54): created implicit net for "flag" File: C:/intelFPGA_lite/My_CPU/MY32CPU_top.v Line: 54
Info (12127): Elaborating entity "PC" for the top level hierarchy
Info (12128): Elaborating entity "COUNTER5b" for hierarchy "COUNTER5b:COUNTER" File: C:/intelFPGA_lite/My_CPU/PC.v Line: 17
Info (12128): Elaborating entity "CPU_REG" for hierarchy "CPU_REG:PMEM" File: C:/intelFPGA_lite/My_CPU/PC.v Line: 19
Warning (10850): Verilog HDL warning at PC.v(39): number of words (6) in memory file does not match the number of elements in the address range [0:31] File: C:/intelFPGA_lite/My_CPU/PC.v Line: 39
Warning (127007): Memory Initialization File or Hexadecimal (Intel-Format) File "C:/intelFPGA_lite/My_CPU/db/MY32CPU.ram0_CPU_REG_3a5ef683.hdl.mif" contains "don't care" values -- overwriting them with 0s
Info (276014): Found 1 instances of uninferred RAM logic
    Info (276013): RAM logic "CPU_REG:PMEM|PROGRAM" is uninferred because MIF is not supported for the selected family File: C:/intelFPGA_lite/My_CPU/PC.v Line: 37
Warning (127007): Memory Initialization File or Hexadecimal (Intel-Format) File "C:/intelFPGA_lite/My_CPU/db/MY32CPU.ram0_CPU_REG_3a5ef683.hdl.mif" contains "don't care" values -- overwriting them with 0s
Warning (13024): Output pins are stuck at VCC or GND
    Warning (13410): Pin "INST[3]" is stuck at GND File: C:/intelFPGA_lite/My_CPU/PC.v Line: 5
    Warning (13410): Pin "INST[4]" is stuck at GND File: C:/intelFPGA_lite/My_CPU/PC.v Line: 5
    Warning (13410): Pin "INST[5]" is stuck at GND File: C:/intelFPGA_lite/My_CPU/PC.v Line: 5
    Warning (13410): Pin "INST[6]" is stuck at GND File: C:/intelFPGA_lite/My_CPU/PC.v Line: 5
    Warning (13410): Pin "INST[7]" is stuck at GND File: C:/intelFPGA_lite/My_CPU/PC.v Line: 5
    Warning (13410): Pin "INST[8]" is stuck at GND File: C:/intelFPGA_lite/My_CPU/PC.v Line: 5
    Warning (13410): Pin "INST[9]" is stuck at GND File: C:/intelFPGA_lite/My_CPU/PC.v Line: 5
    Warning (13410): Pin "INST[10]" is stuck at GND File: C:/intelFPGA_lite/My_CPU/PC.v Line: 5
    Warning (13410): Pin "INST[11]" is stuck at GND File: C:/intelFPGA_lite/My_CPU/PC.v Line: 5
    Warning (13410): Pin "INST[12]" is stuck at GND File: C:/intelFPGA_lite/My_CPU/PC.v Line: 5
    Warning (13410): Pin "INST[13]" is stuck at GND File: C:/intelFPGA_lite/My_CPU/PC.v Line: 5
    Warning (13410): Pin "INST[14]" is stuck at GND File: C:/intelFPGA_lite/My_CPU/PC.v Line: 5
    Warning (13410): Pin "INST[15]" is stuck at GND File: C:/intelFPGA_lite/My_CPU/PC.v Line: 5
    Warning (13410): Pin "INST[16]" is stuck at GND File: C:/intelFPGA_lite/My_CPU/PC.v Line: 5
    Warning (13410): Pin "INST[17]" is stuck at GND File: C:/intelFPGA_lite/My_CPU/PC.v Line: 5
    Warning (13410): Pin "INST[18]" is stuck at GND File: C:/intelFPGA_lite/My_CPU/PC.v Line: 5
    Warning (13410): Pin "INST[19]" is stuck at GND File: C:/intelFPGA_lite/My_CPU/PC.v Line: 5
    Warning (13410): Pin "INST[20]" is stuck at GND File: C:/intelFPGA_lite/My_CPU/PC.v Line: 5
    Warning (13410): Pin "INST[21]" is stuck at GND File: C:/intelFPGA_lite/My_CPU/PC.v Line: 5
    Warning (13410): Pin "INST[22]" is stuck at GND File: C:/intelFPGA_lite/My_CPU/PC.v Line: 5
    Warning (13410): Pin "INST[23]" is stuck at GND File: C:/intelFPGA_lite/My_CPU/PC.v Line: 5
    Warning (13410): Pin "INST[24]" is stuck at GND File: C:/intelFPGA_lite/My_CPU/PC.v Line: 5
    Warning (13410): Pin "INST[25]" is stuck at GND File: C:/intelFPGA_lite/My_CPU/PC.v Line: 5
    Warning (13410): Pin "INST[26]" is stuck at GND File: C:/intelFPGA_lite/My_CPU/PC.v Line: 5
    Warning (13410): Pin "INST[27]" is stuck at GND File: C:/intelFPGA_lite/My_CPU/PC.v Line: 5
    Warning (13410): Pin "INST[28]" is stuck at GND File: C:/intelFPGA_lite/My_CPU/PC.v Line: 5
    Warning (13410): Pin "INST[29]" is stuck at GND File: C:/intelFPGA_lite/My_CPU/PC.v Line: 5
    Warning (13410): Pin "INST[30]" is stuck at GND File: C:/intelFPGA_lite/My_CPU/PC.v Line: 5
    Warning (13410): Pin "INST[31]" is stuck at GND File: C:/intelFPGA_lite/My_CPU/PC.v Line: 5
Info (286030): Timing-Driven Synthesis is running
Info (16010): Generating hard_block partition "hard_block:auto_generated_inst"
    Info (16011): Adding 0 node(s), including 0 DDIO, 0 PLL, 0 transceiver and 0 LCELL
Info (21057): Implemented 43 device resources after synthesis - the final resource count might be different
    Info (21058): Implemented 2 input pins
    Info (21059): Implemented 32 output pins
    Info (21061): Implemented 9 logic cells
Info: Quartus Prime Analysis & Synthesis was successful. 0 errors, 36 warnings
    Info: Peak virtual memory: 4809 megabytes
    Info: Processing ended: Thu Jul 04 17:51:08 2019
    Info: Elapsed time: 00:00:24
    Info: Total CPU time (on all processors): 00:00:15


